#
# There is insufficient memory for the Java Runtime Environment to continue.
# Native memory allocation (mmap) failed to map 268435456 bytes for Failed to commit area from 0x0000000701600000 to 0x0000000711600000 of length 268435456.
# Possible reasons:
#   The system is out of physical RAM or swap space
#   The process is running with CompressedOops enabled, and the Java Heap may be blocking the growth of the native heap
# Possible solutions:
#   Reduce memory load on the system
#   Increase physical memory or swap space
#   Check if swap backing store is full
#   Decrease Java heap size (-Xmx/-Xms)
#   Decrease number of Java threads
#   Decrease Java thread stack sizes (-Xss)
#   Set larger code cache with -XX:ReservedCodeCacheSize=
# This output file may be truncated or incomplete.
#
#  Out of Memory Error (t:/workspace/open/src/hotspot/os/windows/os_windows.cpp:3301), pid=12316, tid=14076
#
# JRE version:  (13.0.1+9) (build )
# Java VM: Java HotSpot(TM) 64-Bit Server VM (13.0.1+9, mixed mode, aot, sharing, tiered, compressed oops, g1 gc, windows-amd64)
# No core dump will be written. Minidumps are not enabled by default on client versions of Windows
#

---------------  S U M M A R Y ------------

Command Line: -XX:TieredStopAtLevel=1 -Xverify:none -Dspring.output.ansi.enabled=always -javaagent:C:\Program Files\JetBrains\IntelliJ IDEA 2020.2.3\lib\idea_rt.jar=55033:C:\Program Files\JetBrains\IntelliJ IDEA 2020.2.3\bin -Dcom.sun.management.jmxremote -Dspring.jmx.enabled=true -Dspring.liveBeansView.mbeanDomain -Dspring.application.admin.enabled=true -Dfile.encoding=UTF-8 guru.springframework.joke.jokeapp.JokeappApplication

Host: Intel(R) Core(TM) i5-4200M CPU @ 2.50GHz, 4 cores, 15G,  Windows 10 , 64 bit Build 19041 (10.0.19041.546)
Time: Fri Dec 11 00:20:35 2020 Pacific Standard Time elapsed time: 0 seconds (0d 0h 0m 0s)

---------------  T H R E A D  ---------------

Current thread (0x000001ea8c5b3000):  JavaThread "Unknown thread" [_thread_in_vm, id=14076, stack(0x000000b691800000,0x000000b691900000)]

Stack: [0x000000b691800000,0x000000b691900000]
Native frames: (J=compiled Java code, j=interpreted, Vv=VM code, C=native code)
V  [jvm.dll+0x626eca]
V  [jvm.dll+0x772c6a]
V  [jvm.dll+0x77441f]
V  [jvm.dll+0x774a23]
V  [jvm.dll+0x24da58]
V  [jvm.dll+0x62438a]
V  [jvm.dll+0x618f75]
V  [jvm.dll+0x30c61c]
V  [jvm.dll+0x30c452]
V  [jvm.dll+0x311bc6]
V  [jvm.dll+0x355ce6]
V  [jvm.dll+0x3554c0]
V  [jvm.dll+0x2e729a]
V  [jvm.dll+0x2e8532]
V  [jvm.dll+0x74fcd8]
V  [jvm.dll+0x363739]
V  [jvm.dll+0x732dc5]
V  [jvm.dll+0x3ce2ef]
V  [jvm.dll+0x3d0611]
C  [jli.dll+0x51ff]
C  [ucrtbase.dll+0x214c2]
C  [KERNEL32.DLL+0x17034]
C  [ntdll.dll+0x4cec1]


---------------  P R O C E S S  ---------------

Threads class SMR info:
_java_thread_list=0x00007ff8ebd346b8, length=0, elements={
}

Java Threads: ( => current thread )

Other Threads:
  0x000001ea8c620000 GCTaskThread "GC Thread#0" [stack: 0x000000b691a00000,0x000000b691b00000] [id=13856]
  0x000001ea8c641800 ConcurrentGCThread "G1 Main Marker" [stack: 0x000000b691b00000,0x000000b691c00000] [id=8652]
  0x000001ea8c643000 ConcurrentGCThread "G1 Conc#0" [stack: 0x000000b691c00000,0x000000b691d00000] [id=8616]

[error occurred during error reporting (printing all threads), id 0xc0000005, EXCEPTION_ACCESS_VIOLATION (0xc0000005) at pc=0x00007ff8eb566f67]

VM state:not at safepoint (not fully initialized)

VM Mutex/Monitor currently owned by a thread:  ([mutex/lock_event])
[0x000001ea8c5af8a0] Heap_lock - owner thread: 0x000001ea8c5b3000

Heap address: 0x0000000701600000, size: 4074 MB, Compressed Oops mode: Non-zero based: 0x0000000701600000
Narrow klass base: 0x0000000000000000, Narrow klass shift: 0

GC Heap History (0 events):
No events

Deoptimization events (0 events):
No events

Classes unloaded (0 events):
No events

Classes redefined (0 events):
No events

Internal exceptions (0 events):
No events

Events (8 events):
Event: 0.147 Loaded shared library C:\Program Files\Java\jdk-13.0.1\bin\zip.dll
Event: 0.148 Loaded shared library C:\Program Files\Java\jdk-13.0.1\bin\jimage.dll
Event: 0.150 Loading shared library C:\Program Files\Java\jdk-13.0.1\lib\libjava.base-coop.dll failed, error code 126
Event: 0.150 Loading shared library C:\Program Files\Java\jdk-13.0.1\lib\libjava.logging-coop.dll failed, error code 126
Event: 0.150 Loading shared library C:\Program Files\Java\jdk-13.0.1\lib\libjdk.compiler-coop.dll failed, error code 126
Event: 0.150 Loading shared library C:\Program Files\Java\jdk-13.0.1\lib\libjdk.scripting.nashorn-coop.dll failed, error code 126
Event: 0.150 Loading shared library C:\Program Files\Java\jdk-13.0.1\lib\libjdk.internal.vm.ci-coop.dll failed, error code 126
Event: 0.150 Loading shared library C:\Program Files\Java\jdk-13.0.1\lib\libjdk.internal.vm.compiler-coop.dll failed, error code 126


Dynamic libraries:
0x00007ff67f160000 - 0x00007ff67f16f000 	C:\Program Files\Java\jdk-13.0.1\bin\java.exe
0x00007ff92cfb0000 - 0x00007ff92d1a6000 	C:\WINDOWS\SYSTEM32\ntdll.dll
0x00007ff92ca40000 - 0x00007ff92cafd000 	C:\WINDOWS\System32\KERNEL32.DLL
0x00007ff92a940000 - 0x00007ff92ac08000 	C:\WINDOWS\System32\KERNELBASE.dll
0x00007ff92a740000 - 0x00007ff92a840000 	C:\WINDOWS\System32\ucrtbase.dll
0x00007ff922f40000 - 0x00007ff922f58000 	C:\Program Files\Java\jdk-13.0.1\bin\jli.dll
0x00007ff92b320000 - 0x00007ff92b3cc000 	C:\WINDOWS\System32\ADVAPI32.dll
0x00007ff92b750000 - 0x00007ff92b7ee000 	C:\WINDOWS\System32\msvcrt.dll
0x00007ff92c7b0000 - 0x00007ff92c84b000 	C:\WINDOWS\System32\sechost.dll
0x00007ff92cb00000 - 0x00007ff92cc24000 	C:\WINDOWS\System32\RPCRT4.dll
0x00007ff92b160000 - 0x00007ff92b300000 	C:\WINDOWS\System32\USER32.dll
0x00007ff92a840000 - 0x00007ff92a862000 	C:\WINDOWS\System32\win32u.dll
0x00007ff92c8b0000 - 0x00007ff92c8da000 	C:\WINDOWS\System32\GDI32.dll
0x00007ff92ae80000 - 0x00007ff92af89000 	C:\WINDOWS\System32\gdi32full.dll
0x00007ff92a8a0000 - 0x00007ff92a93d000 	C:\WINDOWS\System32\msvcp_win.dll
0x00007ff922f20000 - 0x00007ff922f35000 	C:\Program Files\Java\jdk-13.0.1\bin\VCRUNTIME140.dll
0x00007ff917c40000 - 0x00007ff917edb000 	C:\WINDOWS\WinSxS\amd64_microsoft.windows.common-controls_6595b64144ccf1df_6.0.19041.488_none_ca04af081b815d21\COMCTL32.dll
0x00007ff923c00000 - 0x00007ff923c0a000 	C:\WINDOWS\SYSTEM32\VERSION.dll
0x00007ff92b7f0000 - 0x00007ff92b820000 	C:\WINDOWS\System32\IMM32.DLL
0x00007ff8efc00000 - 0x00007ff8efc9b000 	C:\Program Files\Java\jdk-13.0.1\bin\msvcp140.dll
0x00007ff8eb270000 - 0x00007ff8ebdd6000 	C:\Program Files\Java\jdk-13.0.1\bin\server\jvm.dll
0x00007ff92c7a0000 - 0x00007ff92c7a8000 	C:\WINDOWS\System32\PSAPI.DLL
0x00007ff925170000 - 0x00007ff925179000 	C:\WINDOWS\SYSTEM32\WSOCK32.dll
0x00007ff92c8e0000 - 0x00007ff92c94b000 	C:\WINDOWS\System32\WS2_32.dll
0x00007ff91fa60000 - 0x00007ff91fa87000 	C:\WINDOWS\SYSTEM32\WINMM.dll
0x00007ff928600000 - 0x00007ff928612000 	C:\WINDOWS\SYSTEM32\kernel.appcore.dll
0x00007ff922f10000 - 0x00007ff922f20000 	C:\Program Files\Java\jdk-13.0.1\bin\verify.dll
0x00007ff916940000 - 0x00007ff916b24000 	C:\WINDOWS\SYSTEM32\DBGHELP.DLL
0x00007ff916390000 - 0x00007ff9163bc000 	C:\WINDOWS\SYSTEM32\dbgcore.DLL
0x00007ff92af90000 - 0x00007ff92b00f000 	C:\WINDOWS\System32\bcryptPrimitives.dll
0x00007ff91d3a0000 - 0x00007ff91d3c6000 	C:\Program Files\Java\jdk-13.0.1\bin\java.dll
0x00007ff91d340000 - 0x00007ff91d34e000 	C:\Program Files\Java\jdk-13.0.1\bin\instrument.dll
0x00007ff922b70000 - 0x00007ff922b87000 	C:\Program Files\Java\jdk-13.0.1\bin\zip.dll
0x00007ff922f00000 - 0x00007ff922f0a000 	C:\Program Files\Java\jdk-13.0.1\bin\jimage.dll

dbghelp: loaded successfully - version: 4.0.5 - missing functions: none
symbol engine: initialized successfully - sym options: 0x614 - pdb path: .;C:\Program Files\Java\jdk-13.0.1\bin;C:\WINDOWS\SYSTEM32;C:\WINDOWS\WinSxS\amd64_microsoft.windows.common-controls_6595b64144ccf1df_6.0.19041.488_none_ca04af081b815d21;C:\Program Files\Java\jdk-13.0.1\bin\server

VM Arguments:
jvm_args: -XX:TieredStopAtLevel=1 -Xverify:none -Dspring.output.ansi.enabled=always -javaagent:C:\Program Files\JetBrains\IntelliJ IDEA 2020.2.3\lib\idea_rt.jar=55033:C:\Program Files\JetBrains\IntelliJ IDEA 2020.2.3\bin -Dcom.sun.management.jmxremote -Dspring.jmx.enabled=true -Dspring.liveBeansView.mbeanDomain -Dspring.application.admin.enabled=true -Dfile.encoding=UTF-8 
java_command: guru.springframework.joke.jokeapp.JokeappApplication
java_class_path (initial): C:\Users\sakal\Downloads\jokeapp\target\classes;C:\Users\sakal\.m2\repository\org\springframework\boot\spring-boot-starter-thymeleaf\2.4.0\spring-boot-starter-thymeleaf-2.4.0.jar;C:\Users\sakal\.m2\repository\org\springframework\boot\spring-boot-starter\2.4.0\spring-boot-starter-2.4.0.jar;C:\Users\sakal\.m2\repository\org\springframework\boot\spring-boot\2.4.0\spring-boot-2.4.0.jar;C:\Users\sakal\.m2\repository\org\springframework\boot\spring-boot-autoconfigure\2.4.0\spring-boot-autoconfigure-2.4.0.jar;C:\Users\sakal\.m2\repository\org\springframework\boot\spring-boot-starter-logging\2.4.0\spring-boot-starter-logging-2.4.0.jar;C:\Users\sakal\.m2\repository\ch\qos\logback\logback-classic\1.2.3\logback-classic-1.2.3.jar;C:\Users\sakal\.m2\repository\ch\qos\logback\logback-core\1.2.3\logback-core-1.2.3.jar;C:\Users\sakal\.m2\repository\org\apache\logging\log4j\log4j-to-slf4j\2.13.3\log4j-to-slf4j-2.13.3.jar;C:\Users\sakal\.m2\repository\org\apache\logging\log4j\log4j-api\2.13.3\log4j-api-2.13.3.jar;C:\Users\sakal\.m2\repository\org\slf4j\jul-to-slf4j\1.7.30\jul-to-slf4j-1.7.30.jar;C:\Users\sakal\.m2\repository\jakarta\annotation\jakarta.annotation-api\1.3.5\jakarta.annotation-api-1.3.5.jar;C:\Users\sakal\.m2\repository\org\yaml\snakeyaml\1.27\snakeyaml-1.27.jar;C:\Users\sakal\.m2\repository\org\thymeleaf\thymeleaf-spring5\3.0.11.RELEASE\thymeleaf-spring5-3.0.11.RELEASE.jar;C:\Users\sakal\.m2\repository\org\thymeleaf\thymeleaf\3.0.11.RELEASE\thymeleaf-3.0.11.RELEASE.jar;C:\Users\sakal\.m2\repository\org\attoparser\attoparser\2.0.5.RELEASE\attoparser-2.0.5.RELEASE.jar;C:\Users\sakal\.m2\repository\org\unbescape\unbescape\1.1.6.RELEASE\unbescape-1.1.6.RELEASE.jar;C:\Users\sakal\.m2\repository\org\slf4j\slf4j-api\1.7.30\slf4j-api-1.7.30.jar;C:\Users\sakal\.m2\repository\org\thymeleaf\extras\thymeleaf-extras-java8time\3.0.4.RELEASE\thymeleaf-extras-java8time-3.0.4.RELEASE.jar;C:\Users\sakal\.m2\repository\org\springframework\boot\spring-boot-sta
Launcher Type: SUN_STANDARD

[Global flags]
     intx CICompilerCount                          = 3                                         {product} {ergonomic}
     uint ConcGCThreads                            = 1                                         {product} {ergonomic}
     uint G1ConcRefinementThreads                  = 4                                         {product} {ergonomic}
   size_t G1HeapRegionSize                         = 1048576                                   {product} {ergonomic}
    uintx GCDrainStackTargetSize                   = 64                                        {product} {ergonomic}
   size_t InitialHeapSize                          = 268435456                                 {product} {ergonomic}
     bool ManagementServer                         = true                                      {product} {command line}
   size_t MarkStackSize                            = 4194304                                   {product} {ergonomic}
   size_t MaxHeapSize                              = 4271898624                                {product} {ergonomic}
   size_t MinHeapDeltaBytes                        = 1048576                                   {product} {ergonomic}
   size_t MinHeapSize                              = 8388608                                   {product} {ergonomic}
    uintx NonNMethodCodeHeapSize                   = 6973028                                {pd product} {ergonomic}
    uintx NonProfiledCodeHeapSize                  = 244685212                              {pd product} {ergonomic}
    uintx ProfiledCodeHeapSize                     = 0                                      {pd product} {ergonomic}
    uintx ReservedCodeCacheSize                    = 251658240                              {pd product} {ergonomic}
     bool SegmentedCodeCache                       = true                                      {product} {ergonomic}
   size_t SoftMaxHeapSize                          = 4271898624                             {manageable} {ergonomic}
     intx TieredStopAtLevel                        = 1                                         {product} {command line}
     bool UseCompressedClassPointers               = true                                 {lp64_product} {ergonomic}
     bool UseCompressedOops                        = true                                 {lp64_product} {ergonomic}
     bool UseG1GC                                  = true                                      {product} {ergonomic}
     bool UseLargePagesIndividualAllocation        = false                                  {pd product} {ergonomic}

Logging:
Log output configuration:
 #0: stdout all=warning uptime,level,tags
 #1: stderr all=off uptime,level,tags

Environment Variables:
JAVA_HOME=C:\Program Files\Java\jdk-13.0.1\bin\javaw.exe
PATH=C:\Users\sakal\AppData\Local\Programs\Python\Python38\Scripts\;C:\Users\sakal\AppData\Local\Programs\Python\Python38\;C:\Program Files (x86)\Common Files\Oracle\Java\javapath;C:\WINDOWS\system32;C:\WINDOWS;C:\WINDOWS\System32\Wbem;C:\WINDOWS\System32\WindowsPowerShell\v1.0\;C:\WINDOWS\System32\OpenSSH\;C:\Program Files\dotnet\;C:\Program Files\Java\jdk-13.0.1\bin;C:\Program Files\Microsoft SQL Server\Client SDK\ODBC\170\Tools\Binn\;C:\Program Files (x86)\Microsoft SQL Server\150\Tools\Binn\;C:\Program Files\Microsoft SQL Server\150\Tools\Binn\;C:\Program Files\Microsoft SQL Server\150\DTS\Binn\;C:\ProgramData\chocolatey\bin;C:\Program Files (x86)\Microsoft SQL Server\150\DTS\Binn\;C:\Program Files\Microsoft SQL Server\130\Tools\Binn\;C:\Program Files\Git\cmd;C:\Program Files\MySQL\MySQL Shell 8.0\bin\;C:\Users\sakal\anaconda3;C:\Users\sakal\anaconda3\Library\mingw-w64\bin;C:\Users\sakal\anaconda3\Library\usr\bin;C:\Users\sakal\anaconda3\Library\bin;C:\Users\sakal\anaconda3\Scripts;C:\Users\sakal\AppData\Local\Microsoft\WindowsApps;C:\MinGW\bin;C:\Users\sakal\AppData\Local\Programs\Microsoft VS Code\bin;C:\Users\sakal\AppData\Local\Microsoft\WindowsApps;C:\Users\sakal\.dotnet\tools;C:\Program Files\JetBrains\IntelliJ IDEA 2020.2.3\bin;
USERNAME=Duran
OS=Windows_NT
PROCESSOR_IDENTIFIER=Intel64 Family 6 Model 60 Stepping 3, GenuineIntel



---------------  S Y S T E M  ---------------

OS: Windows 10 , 64 bit Build 19041 (10.0.19041.546)
HyperV virtualization detected

CPU:total 4 (initial active 4) (2 cores per cpu, 2 threads per core) family 6 model 60 stepping 3, cmov, cx8, fxsr, mmx, sse, sse2, sse3, ssse3, sse4.1, sse4.2, popcnt, avx, avx2, aes, clmul, erms, lzcnt, ht, tsc, tscinvbit, bmi1, bmi2, fma

Memory: 4k page, system-wide physical 16295M (5718M free)
TotalPageFile size 65447M (AvailPageFile size 219M)
current process WorkingSet (physical memory assigned to process): 10M, peak: 10M
current process commit charge ("private bytes"): 49M, peak: 305M

vm_info: Java HotSpot(TM) 64-Bit Server VM (13.0.1+9) for windows-amd64 JRE (13.0.1+9), built on Oct  6 2019 12:37:49 by "mach5one" with unknown MS VC++:1916

END.
